  VMTSwag.cpp
  Utils.cpp
  Reset.cpp
c:\users\titan\desktop\swaggity-internal\swaggity internal\hooks.h(5): fatal error C1083: Cannot open include file: 'd3dx9.h': No such file or directory
  PaintTraverse.cpp
c:\users\titan\desktop\swaggity-internal\swaggity internal\hooks.h(5): fatal error C1083: Cannot open include file: 'd3dx9.h': No such file or directory
  OverrideView.cpp
c:\users\titan\desktop\swaggity-internal\swaggity internal\hooks.h(5): fatal error C1083: Cannot open include file: 'd3dx9.h': No such file or directory
  Offsets.cpp
  NetVarManager.cpp
  main.cpp
c:\users\titan\desktop\swaggity-internal\swaggity internal\hooks.h(5): fatal error C1083: Cannot open include file: 'd3dx9.h': No such file or directory
  ISurface.cpp
  Interfaces.cpp
  IClientModeShared.cpp
  IBaseClientDll.cpp
  Hooks.cpp
c:\users\titan\desktop\swaggity-internal\swaggity internal\hooks.h(5): fatal error C1083: Cannot open include file: 'd3dx9.h': No such file or directory
  Global.cpp
  FrameStageNotify.cpp
c:\users\titan\desktop\swaggity-internal\swaggity internal\hooks.h(5): fatal error C1083: Cannot open include file: 'd3dx9.h': No such file or directory
  Entity.cpp
  EndScene.cpp
c:\users\titan\desktop\swaggity-internal\swaggity internal\hooks.h(5): fatal error C1083: Cannot open include file: 'd3dx9.h': No such file or directory
  CreateMove.cpp
c:\users\titan\desktop\swaggity-internal\swaggity internal\hooks.h(5): fatal error C1083: Cannot open include file: 'd3dx9.h': No such file or directory
  Config.cpp
  Cheat.cpp
c:\users\titan\desktop\swaggity-internal\swaggity internal\cheat.cpp(67): warning C4018: '<': signed/unsigned mismatch
c:\users\titan\desktop\swaggity-internal\swaggity internal\cheat.cpp(335): warning C4018: '<': signed/unsigned mismatch
c:\users\titan\desktop\swaggity-internal\swaggity internal\cheat.cpp(348): warning C4018: '>': signed/unsigned mismatch
c:\users\titan\desktop\swaggity-internal\swaggity internal\cheat.cpp(370): warning C4018: '>': signed/unsigned mismatch
  Generating Code...
