c:\users\sergi\documents\visual studio 2015\projects\swaggity internal\swaggity internal\debug\vc140.pdb
c:\users\sergi\documents\visual studio 2015\projects\swaggity internal\swaggity internal\debug\vc140.idb
c:\users\sergi\documents\visual studio 2015\projects\swaggity internal\swaggity internal\debug\cheat.obj
c:\users\sergi\documents\visual studio 2015\projects\swaggity internal\swaggity internal\debug\config.obj
c:\users\sergi\documents\visual studio 2015\projects\swaggity internal\swaggity internal\debug\createmove.obj
c:\users\sergi\documents\visual studio 2015\projects\swaggity internal\swaggity internal\debug\endscene.obj
c:\users\sergi\documents\visual studio 2015\projects\swaggity internal\swaggity internal\debug\entity.obj
c:\users\sergi\documents\visual studio 2015\projects\swaggity internal\swaggity internal\debug\framestagenotify.obj
c:\users\sergi\documents\visual studio 2015\projects\swaggity internal\swaggity internal\debug\global.obj
c:\users\sergi\documents\visual studio 2015\projects\swaggity internal\swaggity internal\debug\hooks.obj
c:\users\sergi\documents\visual studio 2015\projects\swaggity internal\swaggity internal\debug\ibaseclientdll.obj
c:\users\sergi\documents\visual studio 2015\projects\swaggity internal\swaggity internal\debug\iclientmodeshared.obj
c:\users\sergi\documents\visual studio 2015\projects\swaggity internal\swaggity internal\debug\interfaces.obj
c:\users\sergi\documents\visual studio 2015\projects\swaggity internal\swaggity internal\debug\isurface.obj
c:\users\sergi\documents\visual studio 2015\projects\swaggity internal\swaggity internal\debug\main.obj
c:\users\sergi\documents\visual studio 2015\projects\swaggity internal\swaggity internal\debug\netvarmanager.obj
c:\users\sergi\documents\visual studio 2015\projects\swaggity internal\swaggity internal\debug\offsets.obj
c:\users\sergi\documents\visual studio 2015\projects\swaggity internal\swaggity internal\debug\overrideview.obj
c:\users\sergi\documents\visual studio 2015\projects\swaggity internal\swaggity internal\debug\painttraverse.obj
c:\users\sergi\documents\visual studio 2015\projects\swaggity internal\swaggity internal\debug\utils.obj
c:\users\sergi\documents\visual studio 2015\projects\swaggity internal\swaggity internal\debug\vmtswag.obj
c:\users\sergi\documents\visual studio 2015\projects\swaggity internal\debug\swaggity internal.ilk
c:\users\sergi\documents\visual studio 2015\projects\swaggity internal\debug\swaggity internal.dll
c:\users\sergi\documents\visual studio 2015\projects\swaggity internal\debug\swaggity internal.pdb
c:\users\sergi\documents\visual studio 2015\projects\swaggity internal\swaggity internal\debug\swaggity.ea85462e.tlog\cl.command.1.tlog
c:\users\sergi\documents\visual studio 2015\projects\swaggity internal\swaggity internal\debug\swaggity.ea85462e.tlog\cl.read.1.tlog
c:\users\sergi\documents\visual studio 2015\projects\swaggity internal\swaggity internal\debug\swaggity.ea85462e.tlog\cl.write.1.tlog
c:\users\sergi\documents\visual studio 2015\projects\swaggity internal\swaggity internal\debug\swaggity.ea85462e.tlog\link.command.1.tlog
c:\users\sergi\documents\visual studio 2015\projects\swaggity internal\swaggity internal\debug\swaggity.ea85462e.tlog\link.read.1.tlog
c:\users\sergi\documents\visual studio 2015\projects\swaggity internal\swaggity internal\debug\swaggity.ea85462e.tlog\link.write.1.tlog
