  Cheat.cpp
Cheat.cpp(67): warning C4018: '<': signed/unsigned mismatch
Cheat.cpp(314): warning C4018: '<': signed/unsigned mismatch
Cheat.cpp(327): warning C4018: '>': signed/unsigned mismatch
Cheat.cpp(349): warning C4018: '>': signed/unsigned mismatch
  D3D.cpp
  EndScene.cpp
EndScene.cpp(77): warning C4101: 'middle': unreferenced local variable
EndScene.cpp(106): warning C4101: 'middle': unreferenced local variable
EndScene.cpp(106): warning C4101: 'yy': unreferenced local variable
EndScene.cpp(106): warning C4101: 'xx': unreferenced local variable
  Entity.cpp
  Global.cpp
  IBaseClientDll.cpp
  NetVarManager.cpp
  PaintTraverse.cpp
  Reset.cpp
  stdafx.cpp
  Generating code
  All 1304 functions were compiled because no usable IPDB/IOBJ from previous compilation was found.
  Finished generating code
  Swaggity Internal.vcxproj -> C:\Users\titan\Desktop\Swaggity-Internal\Release\Swaggity Internal.dll
