c:\users\sergi\documents\visual studio 2015\projects\swaggity internal\swaggity internal\release\vc140.pdb
c:\users\sergi\documents\visual studio 2015\projects\swaggity internal\swaggity internal\release\vmtswag.obj
c:\users\sergi\documents\visual studio 2015\projects\swaggity internal\swaggity internal\release\utils.obj
c:\users\sergi\documents\visual studio 2015\projects\swaggity internal\swaggity internal\release\reset.obj
c:\users\sergi\documents\visual studio 2015\projects\swaggity internal\swaggity internal\release\painttraverse.obj
c:\users\sergi\documents\visual studio 2015\projects\swaggity internal\swaggity internal\release\overrideview.obj
c:\users\sergi\documents\visual studio 2015\projects\swaggity internal\swaggity internal\release\offsets.obj
c:\users\sergi\documents\visual studio 2015\projects\swaggity internal\swaggity internal\release\netvarmanager.obj
c:\users\sergi\documents\visual studio 2015\projects\swaggity internal\swaggity internal\release\main.obj
c:\users\sergi\documents\visual studio 2015\projects\swaggity internal\swaggity internal\release\isurface.obj
c:\users\sergi\documents\visual studio 2015\projects\swaggity internal\swaggity internal\release\interfaces.obj
c:\users\sergi\documents\visual studio 2015\projects\swaggity internal\swaggity internal\release\iclientmodeshared.obj
c:\users\sergi\documents\visual studio 2015\projects\swaggity internal\swaggity internal\release\ibaseclientdll.obj
c:\users\sergi\documents\visual studio 2015\projects\swaggity internal\swaggity internal\release\hooks.obj
c:\users\sergi\documents\visual studio 2015\projects\swaggity internal\swaggity internal\release\global.obj
c:\users\sergi\documents\visual studio 2015\projects\swaggity internal\swaggity internal\release\framestagenotify.obj
c:\users\sergi\documents\visual studio 2015\projects\swaggity internal\swaggity internal\release\entity.obj
c:\users\sergi\documents\visual studio 2015\projects\swaggity internal\swaggity internal\release\endscene.obj
c:\users\sergi\documents\visual studio 2015\projects\swaggity internal\swaggity internal\release\createmove.obj
c:\users\sergi\documents\visual studio 2015\projects\swaggity internal\swaggity internal\release\config.obj
c:\users\sergi\documents\visual studio 2015\projects\swaggity internal\swaggity internal\release\cheat.obj
c:\users\sergi\documents\visual studio 2015\projects\swaggity internal\release\swaggity internal.dll
c:\users\sergi\documents\visual studio 2015\projects\swaggity internal\release\swaggity internal.ipdb
c:\users\sergi\documents\visual studio 2015\projects\swaggity internal\release\swaggity internal.iobj
c:\users\sergi\documents\visual studio 2015\projects\swaggity internal\release\swaggity internal.pdb
c:\users\sergi\documents\visual studio 2015\projects\swaggity internal\swaggity internal\release\swaggity.ea85462e.tlog\cl.command.1.tlog
c:\users\sergi\documents\visual studio 2015\projects\swaggity internal\swaggity internal\release\swaggity.ea85462e.tlog\cl.read.1.tlog
c:\users\sergi\documents\visual studio 2015\projects\swaggity internal\swaggity internal\release\swaggity.ea85462e.tlog\cl.write.1.tlog
c:\users\sergi\documents\visual studio 2015\projects\swaggity internal\swaggity internal\release\swaggity.ea85462e.tlog\link.command.1.tlog
c:\users\sergi\documents\visual studio 2015\projects\swaggity internal\swaggity internal\release\swaggity.ea85462e.tlog\link.read.1.tlog
c:\users\sergi\documents\visual studio 2015\projects\swaggity internal\swaggity internal\release\swaggity.ea85462e.tlog\link.write.1.tlog
